# JRE version: OpenJDK Runtime Environment (8.0_312-b07) (build 1.8.0_312-b07)
# Java VM: OpenJDK 64-Bit Server VM (25.312-b07 mixed mode windows-amd64 compressed oops)
Heap:
 PSYoungGen      total 236544K, used 99683K [0x000000076b900000, 0x000000077bc80000, 0x00000007c0000000)
  eden space 228352K, 40% used [0x000000076b900000,0x0000000771273aa0,0x0000000779800000)
  from space 8192K, 98% used [0x000000077b480000,0x000000077bc65410,0x000000077bc80000)
  to   space 17408K, 0% used [0x0000000779a80000,0x0000000779a80000,0x000000077ab80000)
 ParOldGen       total 256000K, used 30262K [0x00000006c2a00000, 0x00000006d2400000, 0x000000076b900000)
  object space 256000K, 11% used [0x00000006c2a00000,0x00000006c478dab8,0x00000006d2400000)
 Metaspace       used 61040K, capacity 65549K, committed 65704K, reserved 1105920K
  class space    used 7929K, capacity 8763K, committed 8872K, reserved 1048576K
GC Heap History (10 events):
Event: 5.697 GC heap before
{Heap before GC invocations=9 (full 2):
 PSYoungGen      total 152576K, used 142848K [0x000000076b900000, 0x0000000778780000, 0x00000007c0000000)
  eden space 142848K, 100% used [0x000000076b900000,0x0000000774480000,0x0000000774480000)
  from space 9728K, 0% used [0x0000000775000000,0x0000000775000000,0x0000000775980000)
  to   space 11776K, 0% used [0x0000000774480000,0x0000000774480000,0x0000000775000000)
 ParOldGen       total 176640K, used 17010K [0x00000006c2a00000, 0x00000006cd680000, 0x000000076b900000)
  object space 176640K, 9% used [0x00000006c2a00000,0x00000006c3a9ca18,0x00000006cd680000)
 Metaspace       used 41536K, capacity 44304K, committed 44584K, reserved 1087488K
  class space    used 5503K, capacity 6104K, committed 6184K, reserved 1048576K
Event: 5.704 GC heap after
Heap after GC invocations=9 (full 2):
 PSYoungGen      total 154624K, used 11308K [0x000000076b900000, 0x0000000778f80000, 0x00000007c0000000)
  eden space 142848K, 0% used [0x000000076b900000,0x000000076b900000,0x0000000774480000)
  from space 11776K, 96% used [0x0000000774480000,0x0000000774f8b068,0x0000000775000000)
  to   space 12800K, 0% used [0x0000000778300000,0x0000000778300000,0x0000000778f80000)
 ParOldGen       total 176640K, used 17018K [0x00000006c2a00000, 0x00000006cd680000, 0x000000076b900000)
  object space 176640K, 9% used [0x00000006c2a00000,0x00000006c3a9ea18,0x00000006cd680000)
 Metaspace       used 41536K, capacity 44304K, committed 44584K, reserved 1087488K
  class space    used 5503K, capacity 6104K, committed 6184K, reserved 1048576K
}
Event: 6.744 GC heap before
{Heap before GC invocations=10 (full 2):
 PSYoungGen      total 154624K, used 154156K [0x000000076b900000, 0x0000000778f80000, 0x00000007c0000000)
  eden space 142848K, 100% used [0x000000076b900000,0x0000000774480000,0x0000000774480000)
  from space 11776K, 96% used [0x0000000774480000,0x0000000774f8b068,0x0000000775000000)
  to   space 12800K, 0% used [0x0000000778300000,0x0000000778300000,0x0000000778f80000)
 ParOldGen       total 176640K, used 17018K [0x00000006c2a00000, 0x00000006cd680000, 0x000000076b900000)
  object space 176640K, 9% used [0x00000006c2a00000,0x00000006c3a9ea18,0x00000006cd680000)
 Metaspace       used 49848K, capacity 53110K, committed 53416K, reserved 1095680K
  class space    used 6588K, capacity 7243K, committed 7336K, reserved 1048576K
Event: 6.754 GC heap after
Heap after GC invocations=10 (full 2):
 PSYoungGen      total 204800K, used 12785K [0x000000076b900000, 0x0000000779500000, 0x00000007c0000000)
  eden space 192000K, 0% used [0x000000076b900000,0x000000076b900000,0x0000000777480000)
  from space 12800K, 99% used [0x0000000778300000,0x0000000778f7c660,0x0000000778f80000)
  to   space 14848K, 0% used [0x0000000777480000,0x0000000777480000,0x0000000778300000)
 ParOldGen       total 176640K, used 18602K [0x00000006c2a00000, 0x00000006cd680000, 0x000000076b900000)
  object space 176640K, 10% used [0x00000006c2a00000,0x00000006c3c2a980,0x00000006cd680000)
 Metaspace       used 49848K, capacity 53110K, committed 53416K, reserved 1095680K
  class space    used 6588K, capacity 7243K, committed 7336K, reserved 1048576K
}
Event: 7.546 GC heap before
{Heap before GC invocations=11 (full 2):
 PSYoungGen      total 204800K, used 114170K [0x000000076b900000, 0x0000000779500000, 0x00000007c0000000)
  eden space 192000K, 52% used [0x000000076b900000,0x0000000771c02298,0x0000000777480000)
  from space 12800K, 99% used [0x0000000778300000,0x0000000778f7c660,0x0000000778f80000)
  to   space 14848K, 0% used [0x0000000777480000,0x0000000777480000,0x0000000778300000)
 ParOldGen       total 176640K, used 18602K [0x00000006c2a00000, 0x00000006cd680000, 0x000000076b900000)
  object space 176640K, 10% used [0x00000006c2a00000,0x00000006c3c2a980,0x00000006cd680000)
 Metaspace       used 55639K, capacity 59133K, committed 59160K, reserved 1101824K
  class space    used 7125K, capacity 7821K, committed 7848K, reserved 1048576K
Event: 7.559 GC heap after
Heap after GC invocations=11 (full 2):
 PSYoungGen      total 206848K, used 14836K [0x000000076b900000, 0x000000077c600000, 0x00000007c0000000)
  eden space 192000K, 0% used [0x000000076b900000,0x000000076b900000,0x0000000777480000)
  from space 14848K, 99% used [0x0000000777480000,0x00000007782fd098,0x0000000778300000)
  to   space 17920K, 0% used [0x000000077b480000,0x000000077b480000,0x000000077c600000)
 ParOldGen       total 176640K, used 22399K [0x00000006c2a00000, 0x00000006cd680000, 0x000000076b900000)
  object space 176640K, 12% used [0x00000006c2a00000,0x00000006c3fdfe10,0x00000006cd680000)
 Metaspace       used 55639K, capacity 59133K, committed 59160K, reserved 1101824K
  class space    used 7125K, capacity 7821K, committed 7848K, reserved 1048576K
}
Event: 7.559 GC heap before
{Heap before GC invocations=12 (full 3):
 PSYoungGen      total 206848K, used 14836K [0x000000076b900000, 0x000000077c600000, 0x00000007c0000000)
  eden space 192000K, 0% used [0x000000076b900000,0x000000076b900000,0x0000000777480000)
  from space 14848K, 99% used [0x0000000777480000,0x00000007782fd098,0x0000000778300000)
  to   space 17920K, 0% used [0x000000077b480000,0x000000077b480000,0x000000077c600000)
 ParOldGen       total 176640K, used 22399K [0x00000006c2a00000, 0x00000006cd680000, 0x000000076b900000)
  object space 176640K, 12% used [0x00000006c2a00000,0x00000006c3fdfe10,0x00000006cd680000)
 Metaspace       used 55639K, capacity 59133K, committed 59160K, reserved 1101824K
  class space    used 7125K, capacity 7821K, committed 7848K, reserved 1048576K
Event: 7.683 GC heap after
Heap after GC invocations=12 (full 3):
 PSYoungGen      total 206848K, used 0K [0x000000076b900000, 0x000000077c600000, 0x00000007c0000000)
  eden space 192000K, 0% used [0x000000076b900000,0x000000076b900000,0x0000000777480000)
  from space 14848K, 0% used [0x0000000777480000,0x0000000777480000,0x0000000778300000)
  to   space 17920K, 0% used [0x000000077b480000,0x000000077b480000,0x000000077c600000)
 ParOldGen       total 256000K, used 30254K [0x00000006c2a00000, 0x00000006d2400000, 0x000000076b900000)
  object space 256000K, 11% used [0x00000006c2a00000,0x00000006c478bab8,0x00000006d2400000)
 Metaspace       used 55639K, capacity 59133K, committed 59160K, reserved 1101824K
  class space    used 7125K, capacity 7821K, committed 7848K, reserved 1048576K
}
Event: 8.627 GC heap before
{Heap before GC invocations=13 (full 3):
 PSYoungGen      total 206848K, used 192000K [0x000000076b900000, 0x000000077c600000, 0x00000007c0000000)
  eden space 192000K, 100% used [0x000000076b900000,0x0000000777480000,0x0000000777480000)
  from space 14848K, 0% used [0x0000000777480000,0x0000000777480000,0x0000000778300000)
  to   space 17920K, 0% used [0x000000077b480000,0x000000077b480000,0x000000077c600000)
 ParOldGen       total 256000K, used 30254K [0x00000006c2a00000, 0x00000006d2400000, 0x000000076b900000)
  object space 256000K, 11% used [0x00000006c2a00000,0x00000006c478bab8,0x00000006d2400000)
 Metaspace       used 58729K, capacity 62981K, committed 63272K, reserved 1103872K
  class space    used 7607K, capacity 8415K, committed 8488K, reserved 1048576K
Event: 8.636 GC heap after
Heap after GC invocations=13 (full 3):
 PSYoungGen      total 236544K, used 8085K [0x000000076b900000, 0x000000077bc80000, 0x00000007c0000000)
  eden space 228352K, 0% used [0x000000076b900000,0x000000076b900000,0x0000000779800000)
  from space 8192K, 98% used [0x000000077b480000,0x000000077bc65410,0x000000077bc80000)
  to   space 17408K, 0% used [0x0000000779a80000,0x0000000779a80000,0x000000077ab80000)
 ParOldGen       total 256000K, used 30262K [0x00000006c2a00000, 0x00000006d2400000, 0x000000076b900000)
  object space 256000K, 11% used [0x00000006c2a00000,0x00000006c478dab8,0x00000006d2400000)
 Metaspace       used 58729K, capacity 62981K, committed 63272K, reserved 1103872K
  class space    used 7607K, capacity 8415K, committed 8488K, reserved 1048576K
}

