# JRE version: OpenJDK Runtime Environment (8.0_312-b07) (build 1.8.0_312-b07)
# Java VM: OpenJDK 64-Bit Server VM (25.312-b07 mixed mode windows-amd64 compressed oops)
Heap:
 PSYoungGen      total 155648K, used 88375K [0x000000076b900000, 0x0000000779780000, 0x00000007c0000000)
  eden space 144384K, 53% used [0x000000076b900000,0x0000000770451ed0,0x0000000774600000)
  from space 11264K, 99% used [0x0000000774600000,0x00000007750fbda0,0x0000000775100000)
  to   space 12800K, 0% used [0x0000000778b00000,0x0000000778b00000,0x0000000779780000)
 ParOldGen       total 172544K, used 17151K [0x00000006c2a00000, 0x00000006cd280000, 0x000000076b900000)
  object space 172544K, 9% used [0x00000006c2a00000,0x00000006c3abfcf0,0x00000006cd280000)
 Metaspace       used 46474K, capacity 49566K, committed 49832K, reserved 1091584K
  class space    used 6117K, capacity 6745K, committed 6824K, reserved 1048576K
GC Heap History (10 events):
Event: 2.934 GC heap before
{Heap before GC invocations=5 (full 1):
 PSYoungGen      total 75776K, used 65024K [0x000000076b900000, 0x0000000774d00000, 0x00000007c0000000)
  eden space 65024K, 100% used [0x000000076b900000,0x000000076f880000,0x000000076f880000)
  from space 10752K, 0% used [0x000000076f880000,0x000000076f880000,0x0000000770300000)
  to   space 10752K, 0% used [0x0000000774280000,0x0000000774280000,0x0000000774d00000)
 ParOldGen       total 108032K, used 8767K [0x00000006c2a00000, 0x00000006c9380000, 0x000000076b900000)
  object space 108032K, 8% used [0x00000006c2a00000,0x00000006c328fe68,0x00000006c9380000)
 Metaspace       used 24368K, capacity 26170K, committed 26368K, reserved 1073152K
  class space    used 3175K, capacity 3523K, committed 3584K, reserved 1048576K
Event: 2.939 GC heap after
Heap after GC invocations=5 (full 1):
 PSYoungGen      total 103424K, used 7480K [0x000000076b900000, 0x0000000774a00000, 0x00000007c0000000)
  eden space 95744K, 0% used [0x000000076b900000,0x000000076b900000,0x0000000771680000)
  from space 7680K, 97% used [0x0000000774280000,0x00000007749ce048,0x0000000774a00000)
  to   space 10752K, 0% used [0x0000000773500000,0x0000000773500000,0x0000000773f80000)
 ParOldGen       total 108032K, used 8775K [0x00000006c2a00000, 0x00000006c9380000, 0x000000076b900000)
  object space 108032K, 8% used [0x00000006c2a00000,0x00000006c3291e68,0x00000006c9380000)
 Metaspace       used 24368K, capacity 26170K, committed 26368K, reserved 1073152K
  class space    used 3175K, capacity 3523K, committed 3584K, reserved 1048576K
}
Event: 3.746 GC heap before
{Heap before GC invocations=6 (full 1):
 PSYoungGen      total 103424K, used 103224K [0x000000076b900000, 0x0000000774a00000, 0x00000007c0000000)
  eden space 95744K, 100% used [0x000000076b900000,0x0000000771680000,0x0000000771680000)
  from space 7680K, 97% used [0x0000000774280000,0x00000007749ce048,0x0000000774a00000)
  to   space 10752K, 0% used [0x0000000773500000,0x0000000773500000,0x0000000773f80000)
 ParOldGen       total 108032K, used 8775K [0x00000006c2a00000, 0x00000006c9380000, 0x000000076b900000)
  object space 108032K, 8% used [0x00000006c2a00000,0x00000006c3291e68,0x00000006c9380000)
 Metaspace       used 27950K, capacity 29904K, committed 30080K, reserved 1075200K
  class space    used 3575K, capacity 3956K, committed 3968K, reserved 1048576K
Event: 3.764 GC heap after
Heap after GC invocations=6 (full 1):
 PSYoungGen      total 137728K, used 7894K [0x000000076b900000, 0x0000000775a00000, 0x00000007c0000000)
  eden space 126976K, 0% used [0x000000076b900000,0x000000076b900000,0x0000000773500000)
  from space 10752K, 73% used [0x0000000773500000,0x0000000773cb5bc0,0x0000000773f80000)
  to   space 9216K, 0% used [0x0000000775100000,0x0000000775100000,0x0000000775a00000)
 ParOldGen       total 108032K, used 8783K [0x00000006c2a00000, 0x00000006c9380000, 0x000000076b900000)
  object space 108032K, 8% used [0x00000006c2a00000,0x00000006c3293e68,0x00000006c9380000)
 Metaspace       used 27950K, capacity 29904K, committed 30080K, reserved 1075200K
  class space    used 3575K, capacity 3956K, committed 3968K, reserved 1048576K
}
Event: 5.357 GC heap before
{Heap before GC invocations=7 (full 1):
 PSYoungGen      total 137728K, used 133213K [0x000000076b900000, 0x0000000775a00000, 0x00000007c0000000)
  eden space 126976K, 98% used [0x000000076b900000,0x0000000773361948,0x0000000773500000)
  from space 10752K, 73% used [0x0000000773500000,0x0000000773cb5bc0,0x0000000773f80000)
  to   space 9216K, 0% used [0x0000000775100000,0x0000000775100000,0x0000000775a00000)
 ParOldGen       total 108032K, used 8783K [0x00000006c2a00000, 0x00000006c9380000, 0x000000076b900000)
  object space 108032K, 8% used [0x00000006c2a00000,0x00000006c3293e68,0x00000006c9380000)
 Metaspace       used 33235K, capacity 35476K, committed 35496K, reserved 1079296K
  class space    used 4352K, capacity 4770K, committed 4776K, reserved 1048576K
Event: 5.370 GC heap after
Heap after GC invocations=7 (full 1):
 PSYoungGen      total 153600K, used 9192K [0x000000076b900000, 0x0000000778900000, 0x00000007c0000000)
  eden space 144384K, 0% used [0x000000076b900000,0x000000076b900000,0x0000000774600000)
  from space 9216K, 99% used [0x0000000775100000,0x00000007759fa3f8,0x0000000775a00000)
  to   space 11264K, 0% used [0x0000000774600000,0x0000000774600000,0x0000000775100000)
 ParOldGen       total 108032K, used 11462K [0x00000006c2a00000, 0x00000006c9380000, 0x000000076b900000)
  object space 108032K, 10% used [0x00000006c2a00000,0x00000006c3531b90,0x00000006c9380000)
 Metaspace       used 33235K, capacity 35476K, committed 35496K, reserved 1079296K
  class space    used 4352K, capacity 4770K, committed 4776K, reserved 1048576K
}
Event: 5.370 GC heap before
{Heap before GC invocations=8 (full 2):
 PSYoungGen      total 153600K, used 9192K [0x000000076b900000, 0x0000000778900000, 0x00000007c0000000)
  eden space 144384K, 0% used [0x000000076b900000,0x000000076b900000,0x0000000774600000)
  from space 9216K, 99% used [0x0000000775100000,0x00000007759fa3f8,0x0000000775a00000)
  to   space 11264K, 0% used [0x0000000774600000,0x0000000774600000,0x0000000775100000)
 ParOldGen       total 108032K, used 11462K [0x00000006c2a00000, 0x00000006c9380000, 0x000000076b900000)
  object space 108032K, 10% used [0x00000006c2a00000,0x00000006c3531b90,0x00000006c9380000)
 Metaspace       used 33235K, capacity 35476K, committed 35496K, reserved 1079296K
  class space    used 4352K, capacity 4770K, committed 4776K, reserved 1048576K
Event: 5.422 GC heap after
Heap after GC invocations=8 (full 2):
 PSYoungGen      total 153600K, used 0K [0x000000076b900000, 0x0000000778900000, 0x00000007c0000000)
  eden space 144384K, 0% used [0x000000076b900000,0x000000076b900000,0x0000000774600000)
  from space 9216K, 0% used [0x0000000775100000,0x0000000775100000,0x0000000775a00000)
  to   space 11264K, 0% used [0x0000000774600000,0x0000000774600000,0x0000000775100000)
 ParOldGen       total 172544K, used 17102K [0x00000006c2a00000, 0x00000006cd280000, 0x000000076b900000)
  object space 172544K, 9% used [0x00000006c2a00000,0x00000006c3ab3840,0x00000006cd280000)
 Metaspace       used 33235K, capacity 35476K, committed 35496K, reserved 1079296K
  class space    used 4352K, capacity 4770K, committed 4776K, reserved 1048576K
}
Event: 8.110 GC heap before
{Heap before GC invocations=9 (full 2):
 PSYoungGen      total 153600K, used 144384K [0x000000076b900000, 0x0000000778900000, 0x00000007c0000000)
  eden space 144384K, 100% used [0x000000076b900000,0x0000000774600000,0x0000000774600000)
  from space 9216K, 0% used [0x0000000775100000,0x0000000775100000,0x0000000775a00000)
  to   space 11264K, 0% used [0x0000000774600000,0x0000000774600000,0x0000000775100000)
 ParOldGen       total 172544K, used 17102K [0x00000006c2a00000, 0x00000006cd280000, 0x000000076b900000)
  object space 172544K, 9% used [0x00000006c2a00000,0x00000006c3ab3840,0x00000006cd280000)
 Metaspace       used 41552K, capacity 44304K, committed 44584K, reserved 1087488K
  class space    used 5504K, capacity 6104K, committed 6184K, reserved 1048576K
Event: 8.119 GC heap after
Heap after GC invocations=9 (full 2):
 PSYoungGen      total 155648K, used 11247K [0x000000076b900000, 0x0000000779780000, 0x00000007c0000000)
  eden space 144384K, 0% used [0x000000076b900000,0x000000076b900000,0x0000000774600000)
  from space 11264K, 99% used [0x0000000774600000,0x00000007750fbda0,0x0000000775100000)
  to   space 12800K, 0% used [0x0000000778b00000,0x0000000778b00000,0x0000000779780000)
 ParOldGen       total 172544K, used 17151K [0x00000006c2a00000, 0x00000006cd280000, 0x000000076b900000)
  object space 172544K, 9% used [0x00000006c2a00000,0x00000006c3abfcf0,0x00000006cd280000)
 Metaspace       used 41552K, capacity 44304K, committed 44584K, reserved 1087488K
  class space    used 5504K, capacity 6104K, committed 6184K, reserved 1048576K
}

