# JRE version: OpenJDK Runtime Environment (8.0_312-b07) (build 1.8.0_312-b07)
# Java VM: OpenJDK 64-Bit Server VM (25.312-b07 mixed mode windows-amd64 compressed oops)
Heap:
 PSYoungGen      total 220672K, used 178346K [0x000000076b900000, 0x000000077dc00000, 0x00000007c0000000)
  eden space 205824K, 86% used [0x000000076b900000,0x000000077672ab88,0x0000000778200000)
  from space 14848K, 0% used [0x0000000778200000,0x0000000778200000,0x0000000779080000)
  to   space 17920K, 0% used [0x000000077ca80000,0x000000077ca80000,0x000000077dc00000)
 ParOldGen       total 168960K, used 29455K [0x00000006c2a00000, 0x00000006ccf00000, 0x000000076b900000)
  object space 168960K, 17% used [0x00000006c2a00000,0x00000006c46c3ea8,0x00000006ccf00000)
 Metaspace       used 58506K, capacity 62754K, committed 63016K, reserved 1103872K
  class space    used 7568K, capacity 8371K, committed 8488K, reserved 1048576K
GC Heap History (10 events):
Event: 4.730 GC heap before
{Heap before GC invocations=8 (full 2):
 PSYoungGen      total 160256K, used 9711K [0x000000076b900000, 0x0000000778a80000, 0x00000007c0000000)
  eden space 150528K, 0% used [0x000000076b900000,0x000000076b900000,0x0000000774c00000)
  from space 9728K, 99% used [0x0000000775700000,0x000000077607bf50,0x0000000776080000)
  to   space 11264K, 0% used [0x0000000774c00000,0x0000000774c00000,0x0000000775700000)
 ParOldGen       total 104448K, used 10544K [0x00000006c2a00000, 0x00000006c9000000, 0x000000076b900000)
  object space 104448K, 10% used [0x00000006c2a00000,0x00000006c344c3c0,0x00000006c9000000)
 Metaspace       used 33150K, capacity 35444K, committed 35496K, reserved 1079296K
  class space    used 4326K, capacity 4738K, committed 4776K, reserved 1048576K
Event: 4.767 GC heap after
Heap after GC invocations=8 (full 2):
 PSYoungGen      total 160256K, used 0K [0x000000076b900000, 0x0000000778a80000, 0x00000007c0000000)
  eden space 150528K, 0% used [0x000000076b900000,0x000000076b900000,0x0000000774c00000)
  from space 9728K, 0% used [0x0000000775700000,0x0000000775700000,0x0000000776080000)
  to   space 11264K, 0% used [0x0000000774c00000,0x0000000774c00000,0x0000000775700000)
 ParOldGen       total 168960K, used 16863K [0x00000006c2a00000, 0x00000006ccf00000, 0x000000076b900000)
  object space 168960K, 9% used [0x00000006c2a00000,0x00000006c3a77da0,0x00000006ccf00000)
 Metaspace       used 33150K, capacity 35444K, committed 35496K, reserved 1079296K
  class space    used 4326K, capacity 4738K, committed 4776K, reserved 1048576K
}
Event: 6.450 GC heap before
{Heap before GC invocations=9 (full 2):
 PSYoungGen      total 160256K, used 150528K [0x000000076b900000, 0x0000000778a80000, 0x00000007c0000000)
  eden space 150528K, 100% used [0x000000076b900000,0x0000000774c00000,0x0000000774c00000)
  from space 9728K, 0% used [0x0000000775700000,0x0000000775700000,0x0000000776080000)
  to   space 11264K, 0% used [0x0000000774c00000,0x0000000774c00000,0x0000000775700000)
 ParOldGen       total 168960K, used 16863K [0x00000006c2a00000, 0x00000006ccf00000, 0x000000076b900000)
  object space 168960K, 9% used [0x00000006c2a00000,0x00000006c3a77da0,0x00000006ccf00000)
 Metaspace       used 41682K, capacity 44434K, committed 44584K, reserved 1087488K
  class space    used 5513K, capacity 6105K, committed 6184K, reserved 1048576K
Event: 6.458 GC heap after
Heap after GC invocations=9 (full 2):
 PSYoungGen      total 161792K, used 11258K [0x000000076b900000, 0x0000000779d00000, 0x00000007c0000000)
  eden space 150528K, 0% used [0x000000076b900000,0x000000076b900000,0x0000000774c00000)
  from space 11264K, 99% used [0x0000000774c00000,0x00000007756feb80,0x0000000775700000)
  to   space 12800K, 0% used [0x0000000779080000,0x0000000779080000,0x0000000779d00000)
 ParOldGen       total 168960K, used 17191K [0x00000006c2a00000, 0x00000006ccf00000, 0x000000076b900000)
  object space 168960K, 10% used [0x00000006c2a00000,0x00000006c3ac9c30,0x00000006ccf00000)
 Metaspace       used 41682K, capacity 44434K, committed 44584K, reserved 1087488K
  class space    used 5513K, capacity 6105K, committed 6184K, reserved 1048576K
}
Event: 7.420 GC heap before
{Heap before GC invocations=10 (full 2):
 PSYoungGen      total 161792K, used 161786K [0x000000076b900000, 0x0000000779d00000, 0x00000007c0000000)
  eden space 150528K, 100% used [0x000000076b900000,0x0000000774c00000,0x0000000774c00000)
  from space 11264K, 99% used [0x0000000774c00000,0x00000007756feb80,0x0000000775700000)
  to   space 12800K, 0% used [0x0000000779080000,0x0000000779080000,0x0000000779d00000)
 ParOldGen       total 168960K, used 17191K [0x00000006c2a00000, 0x00000006ccf00000, 0x000000076b900000)
  object space 168960K, 10% used [0x00000006c2a00000,0x00000006c3ac9c30,0x00000006ccf00000)
 Metaspace       used 50714K, capacity 54008K, committed 54312K, reserved 1095680K
  class space    used 6667K, capacity 7344K, committed 7464K, reserved 1048576K
Event: 7.431 GC heap after
Heap after GC invocations=10 (full 2):
 PSYoungGen      total 218624K, used 12770K [0x000000076b900000, 0x000000077a380000, 0x00000007c0000000)
  eden space 205824K, 0% used [0x000000076b900000,0x000000076b900000,0x0000000778200000)
  from space 12800K, 99% used [0x0000000779080000,0x0000000779cf8860,0x0000000779d00000)
  to   space 14848K, 0% used [0x0000000778200000,0x0000000778200000,0x0000000779080000)
 ParOldGen       total 168960K, used 19507K [0x00000006c2a00000, 0x00000006ccf00000, 0x000000076b900000)
  object space 168960K, 11% used [0x00000006c2a00000,0x00000006c3d0ced0,0x00000006ccf00000)
 Metaspace       used 50714K, capacity 54008K, committed 54312K, reserved 1095680K
  class space    used 6667K, capacity 7344K, committed 7464K, reserved 1048576K
}
Event: 8.073 GC heap before
{Heap before GC invocations=11 (full 2):
 PSYoungGen      total 218624K, used 105271K [0x000000076b900000, 0x000000077a380000, 0x00000007c0000000)
  eden space 205824K, 44% used [0x000000076b900000,0x00000007713553f0,0x0000000778200000)
  from space 12800K, 99% used [0x0000000779080000,0x0000000779cf8860,0x0000000779d00000)
  to   space 14848K, 0% used [0x0000000778200000,0x0000000778200000,0x0000000779080000)
 ParOldGen       total 168960K, used 19507K [0x00000006c2a00000, 0x00000006ccf00000, 0x000000076b900000)
  object space 168960K, 11% used [0x00000006c2a00000,0x00000006c3d0ced0,0x00000006ccf00000)
 Metaspace       used 55635K, capacity 59112K, committed 59160K, reserved 1101824K
  class space    used 7120K, capacity 7842K, committed 7848K, reserved 1048576K
Event: 8.086 GC heap after
Heap after GC invocations=11 (full 2):
 PSYoungGen      total 220672K, used 14820K [0x000000076b900000, 0x000000077dc00000, 0x00000007c0000000)
  eden space 205824K, 0% used [0x000000076b900000,0x000000076b900000,0x0000000778200000)
  from space 14848K, 99% used [0x0000000778200000,0x0000000779079088,0x0000000779080000)
  to   space 17920K, 0% used [0x000000077ca80000,0x000000077ca80000,0x000000077dc00000)
 ParOldGen       total 168960K, used 22456K [0x00000006c2a00000, 0x00000006ccf00000, 0x000000076b900000)
  object space 168960K, 13% used [0x00000006c2a00000,0x00000006c3fee1b0,0x00000006ccf00000)
 Metaspace       used 55635K, capacity 59112K, committed 59160K, reserved 1101824K
  class space    used 7120K, capacity 7842K, committed 7848K, reserved 1048576K
}
Event: 8.086 GC heap before
{Heap before GC invocations=12 (full 3):
 PSYoungGen      total 220672K, used 14820K [0x000000076b900000, 0x000000077dc00000, 0x00000007c0000000)
  eden space 205824K, 0% used [0x000000076b900000,0x000000076b900000,0x0000000778200000)
  from space 14848K, 99% used [0x0000000778200000,0x0000000779079088,0x0000000779080000)
  to   space 17920K, 0% used [0x000000077ca80000,0x000000077ca80000,0x000000077dc00000)
 ParOldGen       total 168960K, used 22456K [0x00000006c2a00000, 0x00000006ccf00000, 0x000000076b900000)
  object space 168960K, 13% used [0x00000006c2a00000,0x00000006c3fee1b0,0x00000006ccf00000)
 Metaspace       used 55635K, capacity 59112K, committed 59160K, reserved 1101824K
  class space    used 7120K, capacity 7842K, committed 7848K, reserved 1048576K
Event: 8.204 GC heap after
Heap after GC invocations=12 (full 3):
 PSYoungGen      total 220672K, used 0K [0x000000076b900000, 0x000000077dc00000, 0x00000007c0000000)
  eden space 205824K, 0% used [0x000000076b900000,0x000000076b900000,0x0000000778200000)
  from space 14848K, 0% used [0x0000000778200000,0x0000000778200000,0x0000000779080000)
  to   space 17920K, 0% used [0x000000077ca80000,0x000000077ca80000,0x000000077dc00000)
 ParOldGen       total 168960K, used 29455K [0x00000006c2a00000, 0x00000006ccf00000, 0x000000076b900000)
  object space 168960K, 17% used [0x00000006c2a00000,0x00000006c46c3ea8,0x00000006ccf00000)
 Metaspace       used 55635K, capacity 59112K, committed 59160K, reserved 1101824K
  class space    used 7120K, capacity 7842K, committed 7848K, reserved 1048576K
}

