# JRE version: OpenJDK Runtime Environment (8.0_312-b07) (build 1.8.0_312-b07)
# Java VM: OpenJDK 64-Bit Server VM (25.312-b07 mixed mode windows-amd64 compressed oops)
Heap:
 PSYoungGen      total 201728K, used 120817K [0x000000076b900000, 0x0000000778d00000, 0x00000007c0000000)
  eden space 187392K, 64% used [0x000000076b900000,0x0000000772efc5c8,0x0000000777000000)
  from space 14336K, 0% used [0x0000000777000000,0x0000000777000000,0x0000000777e00000)
  to   space 12800K, 0% used [0x0000000777e00000,0x0000000777e00000,0x0000000778a80000)
 ParOldGen       total 177664K, used 30749K [0x00000006c2a00000, 0x00000006cd780000, 0x000000076b900000)
  object space 177664K, 17% used [0x00000006c2a00000,0x00000006c48075b0,0x00000006cd780000)
 Metaspace       used 58069K, capacity 62102K, committed 62376K, reserved 1103872K
  class space    used 7502K, capacity 8283K, committed 8360K, reserved 1048576K
GC Heap History (10 events):
Event: 5.024 GC heap before
{Heap before GC invocations=8 (full 2):
 PSYoungGen      total 147456K, used 9720K [0x000000076b900000, 0x0000000778380000, 0x00000007c0000000)
  eden space 137728K, 0% used [0x000000076b900000,0x000000076b900000,0x0000000773f80000)
  from space 9728K, 99% used [0x0000000774b00000,0x000000077547e198,0x0000000775480000)
  to   space 11776K, 0% used [0x0000000773f80000,0x0000000773f80000,0x0000000774b00000)
 ParOldGen       total 108544K, used 10893K [0x00000006c2a00000, 0x00000006c9400000, 0x000000076b900000)
  object space 108544K, 10% used [0x00000006c2a00000,0x00000006c34a3600,0x00000006c9400000)
 Metaspace       used 33180K, capacity 35444K, committed 35496K, reserved 1079296K
  class space    used 4336K, capacity 4738K, committed 4776K, reserved 1048576K
Event: 5.069 GC heap after
Heap after GC invocations=8 (full 2):
 PSYoungGen      total 147456K, used 0K [0x000000076b900000, 0x0000000778380000, 0x00000007c0000000)
  eden space 137728K, 0% used [0x000000076b900000,0x000000076b900000,0x0000000773f80000)
  from space 9728K, 0% used [0x0000000774b00000,0x0000000774b00000,0x0000000775480000)
  to   space 11776K, 0% used [0x0000000773f80000,0x0000000773f80000,0x0000000774b00000)
 ParOldGen       total 177664K, used 16983K [0x00000006c2a00000, 0x00000006cd780000, 0x000000076b900000)
  object space 177664K, 9% used [0x00000006c2a00000,0x00000006c3a95d90,0x00000006cd780000)
 Metaspace       used 33180K, capacity 35444K, committed 35496K, reserved 1079296K
  class space    used 4336K, capacity 4738K, committed 4776K, reserved 1048576K
}
Event: 6.402 GC heap before
{Heap before GC invocations=9 (full 2):
 PSYoungGen      total 147456K, used 137728K [0x000000076b900000, 0x0000000778380000, 0x00000007c0000000)
  eden space 137728K, 100% used [0x000000076b900000,0x0000000773f80000,0x0000000773f80000)
  from space 9728K, 0% used [0x0000000774b00000,0x0000000774b00000,0x0000000775480000)
  to   space 11776K, 0% used [0x0000000773f80000,0x0000000773f80000,0x0000000774b00000)
 ParOldGen       total 177664K, used 16983K [0x00000006c2a00000, 0x00000006cd780000, 0x000000076b900000)
  object space 177664K, 9% used [0x00000006c2a00000,0x00000006c3a95d90,0x00000006cd780000)
 Metaspace       used 41377K, capacity 44048K, committed 44200K, reserved 1087488K
  class space    used 5468K, capacity 6052K, committed 6056K, reserved 1048576K
Event: 6.409 GC heap after
Heap after GC invocations=9 (full 2):
 PSYoungGen      total 149504K, used 11152K [0x000000076b900000, 0x0000000778a80000, 0x00000007c0000000)
  eden space 137728K, 0% used [0x000000076b900000,0x000000076b900000,0x0000000773f80000)
  from space 11776K, 94% used [0x0000000773f80000,0x0000000774a64260,0x0000000774b00000)
  to   space 12800K, 0% used [0x0000000777e00000,0x0000000777e00000,0x0000000778a80000)
 ParOldGen       total 177664K, used 16991K [0x00000006c2a00000, 0x00000006cd780000, 0x000000076b900000)
  object space 177664K, 9% used [0x00000006c2a00000,0x00000006c3a97d90,0x00000006cd780000)
 Metaspace       used 41377K, capacity 44048K, committed 44200K, reserved 1087488K
  class space    used 5468K, capacity 6052K, committed 6056K, reserved 1048576K
}
Event: 7.970 GC heap before
{Heap before GC invocations=10 (full 2):
 PSYoungGen      total 149504K, used 148880K [0x000000076b900000, 0x0000000778a80000, 0x00000007c0000000)
  eden space 137728K, 100% used [0x000000076b900000,0x0000000773f80000,0x0000000773f80000)
  from space 11776K, 94% used [0x0000000773f80000,0x0000000774a64260,0x0000000774b00000)
  to   space 12800K, 0% used [0x0000000777e00000,0x0000000777e00000,0x0000000778a80000)
 ParOldGen       total 177664K, used 16991K [0x00000006c2a00000, 0x00000006cd780000, 0x000000076b900000)
  object space 177664K, 9% used [0x00000006c2a00000,0x00000006c3a97d90,0x00000006cd780000)
 Metaspace       used 49146K, capacity 52336K, committed 52520K, reserved 1095680K
  class space    used 6485K, capacity 7144K, committed 7208K, reserved 1048576K
Event: 7.982 GC heap after
Heap after GC invocations=10 (full 2):
 PSYoungGen      total 200192K, used 12789K [0x000000076b900000, 0x0000000778d00000, 0x00000007c0000000)
  eden space 187392K, 0% used [0x000000076b900000,0x000000076b900000,0x0000000777000000)
  from space 12800K, 99% used [0x0000000777e00000,0x0000000778a7d798,0x0000000778a80000)
  to   space 14336K, 0% used [0x0000000777000000,0x0000000777000000,0x0000000777e00000)
 ParOldGen       total 177664K, used 17919K [0x00000006c2a00000, 0x00000006cd780000, 0x000000076b900000)
  object space 177664K, 10% used [0x00000006c2a00000,0x00000006c3b7fe68,0x00000006cd780000)
 Metaspace       used 49146K, capacity 52336K, committed 52520K, reserved 1095680K
  class space    used 6485K, capacity 7144K, committed 7208K, reserved 1048576K
}
Event: 9.010 GC heap before
{Heap before GC invocations=11 (full 2):
 PSYoungGen      total 200192K, used 131613K [0x000000076b900000, 0x0000000778d00000, 0x00000007c0000000)
  eden space 187392K, 63% used [0x000000076b900000,0x0000000772d09e50,0x0000000777000000)
  from space 12800K, 99% used [0x0000000777e00000,0x0000000778a7d798,0x0000000778a80000)
  to   space 14336K, 0% used [0x0000000777000000,0x0000000777000000,0x0000000777e00000)
 ParOldGen       total 177664K, used 17919K [0x00000006c2a00000, 0x00000006cd780000, 0x000000076b900000)
  object space 177664K, 10% used [0x00000006c2a00000,0x00000006c3b7fe68,0x00000006cd780000)
 Metaspace       used 55621K, capacity 59060K, committed 59160K, reserved 1101824K
  class space    used 7114K, capacity 7806K, committed 7848K, reserved 1048576K
Event: 9.026 GC heap after
Heap after GC invocations=11 (full 2):
 PSYoungGen      total 201728K, used 14328K [0x000000076b900000, 0x0000000778d00000, 0x00000007c0000000)
  eden space 187392K, 0% used [0x000000076b900000,0x000000076b900000,0x0000000777000000)
  from space 14336K, 99% used [0x0000000777000000,0x0000000777dfe060,0x0000000777e00000)
  to   space 12800K, 0% used [0x0000000777e00000,0x0000000777e00000,0x0000000778a80000)
 ParOldGen       total 177664K, used 22737K [0x00000006c2a00000, 0x00000006cd780000, 0x000000076b900000)
  object space 177664K, 12% used [0x00000006c2a00000,0x00000006c4034510,0x00000006cd780000)
 Metaspace       used 55621K, capacity 59060K, committed 59160K, reserved 1101824K
  class space    used 7114K, capacity 7806K, committed 7848K, reserved 1048576K
}
Event: 9.026 GC heap before
{Heap before GC invocations=12 (full 3):
 PSYoungGen      total 201728K, used 14328K [0x000000076b900000, 0x0000000778d00000, 0x00000007c0000000)
  eden space 187392K, 0% used [0x000000076b900000,0x000000076b900000,0x0000000777000000)
  from space 14336K, 99% used [0x0000000777000000,0x0000000777dfe060,0x0000000777e00000)
  to   space 12800K, 0% used [0x0000000777e00000,0x0000000777e00000,0x0000000778a80000)
 ParOldGen       total 177664K, used 22737K [0x00000006c2a00000, 0x00000006cd780000, 0x000000076b900000)
  object space 177664K, 12% used [0x00000006c2a00000,0x00000006c4034510,0x00000006cd780000)
 Metaspace       used 55621K, capacity 59060K, committed 59160K, reserved 1101824K
  class space    used 7114K, capacity 7806K, committed 7848K, reserved 1048576K
Event: 9.154 GC heap after
Heap after GC invocations=12 (full 3):
 PSYoungGen      total 201728K, used 0K [0x000000076b900000, 0x0000000778d00000, 0x00000007c0000000)
  eden space 187392K, 0% used [0x000000076b900000,0x000000076b900000,0x0000000777000000)
  from space 14336K, 0% used [0x0000000777000000,0x0000000777000000,0x0000000777e00000)
  to   space 12800K, 0% used [0x0000000777e00000,0x0000000777e00000,0x0000000778a80000)
 ParOldGen       total 177664K, used 30749K [0x00000006c2a00000, 0x00000006cd780000, 0x000000076b900000)
  object space 177664K, 17% used [0x00000006c2a00000,0x00000006c48075b0,0x00000006cd780000)
 Metaspace       used 55621K, capacity 59060K, committed 59160K, reserved 1101824K
  class space    used 7114K, capacity 7806K, committed 7848K, reserved 1048576K
}

