# JRE version: OpenJDK Runtime Environment (8.0_312-b07) (build 1.8.0_312-b07)
# Java VM: OpenJDK 64-Bit Server VM (25.312-b07 mixed mode windows-amd64 compressed oops)
Heap:
 PSYoungGen      total 154112K, used 111344K [0x000000076b900000, 0x0000000777280000, 0x00000007c0000000)
  eden space 143360K, 70% used [0x000000076b900000,0x0000000771b3f6f8,0x0000000774500000)
  from space 10752K, 99% used [0x0000000774500000,0x0000000774f7c9b0,0x0000000774f80000)
  to   space 12288K, 0% used [0x0000000776680000,0x0000000776680000,0x0000000777280000)
 ParOldGen       total 175616K, used 16955K [0x00000006c2a00000, 0x00000006cd580000, 0x000000076b900000)
  object space 175616K, 9% used [0x00000006c2a00000,0x00000006c3a8ed90,0x00000006cd580000)
 Metaspace       used 53515K, capacity 56876K, committed 57000K, reserved 1099776K
  class space    used 6907K, capacity 7580K, committed 7592K, reserved 1048576K
GC Heap History (10 events):
Event: 3.994 GC heap before
{Heap before GC invocations=7 (full 1):
 PSYoungGen      total 75776K, used 71673K [0x000000076b900000, 0x0000000772a00000, 0x00000007c0000000)
  eden space 65024K, 100% used [0x000000076b900000,0x000000076f880000,0x000000076f880000)
  from space 10752K, 61% used [0x000000076f880000,0x000000076fefe668,0x0000000770300000)
  to   space 9728K, 0% used [0x0000000772080000,0x0000000772080000,0x0000000772a00000)
 ParOldGen       total 109568K, used 8784K [0x00000006c2a00000, 0x00000006c9500000, 0x000000076b900000)
  object space 109568K, 8% used [0x00000006c2a00000,0x00000006c3294200,0x00000006c9500000)
 Metaspace       used 29492K, capacity 31530K, committed 31616K, reserved 1077248K
  class space    used 3761K, capacity 4147K, committed 4224K, reserved 1048576K
Event: 3.999 GC heap after
Heap after GC invocations=7 (full 1):
 PSYoungGen      total 105984K, used 8127K [0x000000076b900000, 0x0000000772a00000, 0x00000007c0000000)
  eden space 96256K, 0% used [0x000000076b900000,0x000000076b900000,0x0000000771700000)
  from space 9728K, 83% used [0x0000000772080000,0x000000077286ff40,0x0000000772a00000)
  to   space 9728K, 0% used [0x0000000771700000,0x0000000771700000,0x0000000772080000)
 ParOldGen       total 109568K, used 8792K [0x00000006c2a00000, 0x00000006c9500000, 0x000000076b900000)
  object space 109568K, 8% used [0x00000006c2a00000,0x00000006c3296200,0x00000006c9500000)
 Metaspace       used 29492K, capacity 31530K, committed 31616K, reserved 1077248K
  class space    used 3761K, capacity 4147K, committed 4224K, reserved 1048576K
}
Event: 4.747 GC heap before
{Heap before GC invocations=8 (full 1):
 PSYoungGen      total 105984K, used 96669K [0x000000076b900000, 0x0000000772a00000, 0x00000007c0000000)
  eden space 96256K, 91% used [0x000000076b900000,0x0000000770f77558,0x0000000771700000)
  from space 9728K, 83% used [0x0000000772080000,0x000000077286ff40,0x0000000772a00000)
  to   space 9728K, 0% used [0x0000000771700000,0x0000000771700000,0x0000000772080000)
 ParOldGen       total 109568K, used 8792K [0x00000006c2a00000, 0x00000006c9500000, 0x000000076b900000)
  object space 109568K, 8% used [0x00000006c2a00000,0x00000006c3296200,0x00000006c9500000)
 Metaspace       used 33234K, capacity 35476K, committed 35496K, reserved 1079296K
  class space    used 4350K, capacity 4770K, committed 4776K, reserved 1048576K
Event: 4.756 GC heap after
Heap after GC invocations=8 (full 1):
 PSYoungGen      total 105984K, used 9700K [0x000000076b900000, 0x0000000775b00000, 0x00000007c0000000)
  eden space 96256K, 0% used [0x000000076b900000,0x000000076b900000,0x0000000771700000)
  from space 9728K, 99% used [0x0000000771700000,0x00000007720791e0,0x0000000772080000)
  to   space 10752K, 0% used [0x0000000775080000,0x0000000775080000,0x0000000775b00000)
 ParOldGen       total 109568K, used 9119K [0x00000006c2a00000, 0x00000006c9500000, 0x000000076b900000)
  object space 109568K, 8% used [0x00000006c2a00000,0x00000006c32e7de0,0x00000006c9500000)
 Metaspace       used 33234K, capacity 35476K, committed 35496K, reserved 1079296K
  class space    used 4350K, capacity 4770K, committed 4776K, reserved 1048576K
}
Event: 4.756 GC heap before
{Heap before GC invocations=9 (full 2):
 PSYoungGen      total 105984K, used 9700K [0x000000076b900000, 0x0000000775b00000, 0x00000007c0000000)
  eden space 96256K, 0% used [0x000000076b900000,0x000000076b900000,0x0000000771700000)
  from space 9728K, 99% used [0x0000000771700000,0x00000007720791e0,0x0000000772080000)
  to   space 10752K, 0% used [0x0000000775080000,0x0000000775080000,0x0000000775b00000)
 ParOldGen       total 109568K, used 9119K [0x00000006c2a00000, 0x00000006c9500000, 0x000000076b900000)
  object space 109568K, 8% used [0x00000006c2a00000,0x00000006c32e7de0,0x00000006c9500000)
 Metaspace       used 33234K, capacity 35476K, committed 35496K, reserved 1079296K
  class space    used 4350K, capacity 4770K, committed 4776K, reserved 1048576K
Event: 4.797 GC heap after
Heap after GC invocations=9 (full 2):
 PSYoungGen      total 105984K, used 0K [0x000000076b900000, 0x0000000775b00000, 0x00000007c0000000)
  eden space 96256K, 0% used [0x000000076b900000,0x000000076b900000,0x0000000771700000)
  from space 9728K, 0% used [0x0000000771700000,0x0000000771700000,0x0000000772080000)
  to   space 10752K, 0% used [0x0000000775080000,0x0000000775080000,0x0000000775b00000)
 ParOldGen       total 175616K, used 15475K [0x00000006c2a00000, 0x00000006cd580000, 0x000000076b900000)
  object space 175616K, 8% used [0x00000006c2a00000,0x00000006c391cfc8,0x00000006cd580000)
 Metaspace       used 33234K, capacity 35476K, committed 35496K, reserved 1079296K
  class space    used 4350K, capacity 4770K, committed 4776K, reserved 1048576K
}
Event: 5.905 GC heap before
{Heap before GC invocations=10 (full 2):
 PSYoungGen      total 105984K, used 96256K [0x000000076b900000, 0x0000000775b00000, 0x00000007c0000000)
  eden space 96256K, 100% used [0x000000076b900000,0x0000000771700000,0x0000000771700000)
  from space 9728K, 0% used [0x0000000771700000,0x0000000771700000,0x0000000772080000)
  to   space 10752K, 0% used [0x0000000775080000,0x0000000775080000,0x0000000775b00000)
 ParOldGen       total 175616K, used 15475K [0x00000006c2a00000, 0x00000006cd580000, 0x000000076b900000)
  object space 175616K, 8% used [0x00000006c2a00000,0x00000006c391cfc8,0x00000006cd580000)
 Metaspace       used 40005K, capacity 42618K, committed 42792K, reserved 1085440K
  class space    used 5308K, capacity 5881K, committed 5928K, reserved 1048576K
Event: 5.914 GC heap after
Heap after GC invocations=10 (full 2):
 PSYoungGen      total 144384K, used 9227K [0x000000076b900000, 0x0000000775a00000, 0x00000007c0000000)
  eden space 134656K, 0% used [0x000000076b900000,0x000000076b900000,0x0000000773c80000)
  from space 9728K, 94% used [0x0000000775080000,0x0000000775982e38,0x0000000775a00000)
  to   space 10752K, 0% used [0x0000000774500000,0x0000000774500000,0x0000000774f80000)
 ParOldGen       total 175616K, used 15483K [0x00000006c2a00000, 0x00000006cd580000, 0x000000076b900000)
  object space 175616K, 8% used [0x00000006c2a00000,0x00000006c391efc8,0x00000006cd580000)
 Metaspace       used 40005K, capacity 42618K, committed 42792K, reserved 1085440K
  class space    used 5308K, capacity 5881K, committed 5928K, reserved 1048576K
}
Event: 7.581 GC heap before
{Heap before GC invocations=11 (full 2):
 PSYoungGen      total 144384K, used 143883K [0x000000076b900000, 0x0000000775a00000, 0x00000007c0000000)
  eden space 134656K, 100% used [0x000000076b900000,0x0000000773c80000,0x0000000773c80000)
  from space 9728K, 94% used [0x0000000775080000,0x0000000775982e38,0x0000000775a00000)
  to   space 10752K, 0% used [0x0000000774500000,0x0000000774500000,0x0000000774f80000)
 ParOldGen       total 175616K, used 15483K [0x00000006c2a00000, 0x00000006cd580000, 0x000000076b900000)
  object space 175616K, 8% used [0x00000006c2a00000,0x00000006c391efc8,0x00000006cd580000)
 Metaspace       used 46882K, capacity 50030K, committed 50088K, reserved 1093632K
  class space    used 6159K, capacity 6797K, committed 6824K, reserved 1048576K
Event: 7.592 GC heap after
Heap after GC invocations=11 (full 2):
 PSYoungGen      total 154112K, used 10738K [0x000000076b900000, 0x0000000777280000, 0x00000007c0000000)
  eden space 143360K, 0% used [0x000000076b900000,0x000000076b900000,0x0000000774500000)
  from space 10752K, 99% used [0x0000000774500000,0x0000000774f7c9b0,0x0000000774f80000)
  to   space 12288K, 0% used [0x0000000776680000,0x0000000776680000,0x0000000777280000)
 ParOldGen       total 175616K, used 16955K [0x00000006c2a00000, 0x00000006cd580000, 0x000000076b900000)
  object space 175616K, 9% used [0x00000006c2a00000,0x00000006c3a8ed90,0x00000006cd580000)
 Metaspace       used 46882K, capacity 50030K, committed 50088K, reserved 1093632K
  class space    used 6159K, capacity 6797K, committed 6824K, reserved 1048576K
}

