# JRE version: OpenJDK Runtime Environment (8.0_312-b07) (build 1.8.0_312-b07)
# Java VM: OpenJDK 64-Bit Server VM (25.312-b07 mixed mode windows-amd64 compressed oops)
Heap:
 PSYoungGen      total 190976K, used 100377K [0x000000076b900000, 0x0000000778480000, 0x00000007c0000000)
  eden space 176640K, 50% used [0x000000076b900000,0x000000077109c1b8,0x0000000776580000)
  from space 14336K, 74% used [0x0000000777680000,0x00000007780ea508,0x0000000778480000)
  to   space 15872K, 0% used [0x0000000776580000,0x0000000776580000,0x0000000777500000)
 ParOldGen       total 237568K, used 26741K [0x00000006c2a00000, 0x00000006d1200000, 0x000000076b900000)
  object space 237568K, 11% used [0x00000006c2a00000,0x00000006c441d550,0x00000006d1200000)
 Metaspace       used 61857K, capacity 66458K, committed 66728K, reserved 1107968K
  class space    used 7996K, capacity 8855K, committed 8872K, reserved 1048576K
GC Heap History (10 events):
Event: 7.731 GC heap before
{Heap before GC invocations=13 (full 2):
 PSYoungGen      total 118784K, used 118775K [0x000000076b900000, 0x0000000773d80000, 0x00000007c0000000)
  eden space 108032K, 100% used [0x000000076b900000,0x0000000772280000,0x0000000772280000)
  from space 10752K, 99% used [0x0000000772e80000,0x00000007738fdd28,0x0000000773900000)
  to   space 12288K, 0% used [0x0000000772280000,0x0000000772280000,0x0000000772e80000)
 ParOldGen       total 183808K, used 16984K [0x00000006c2a00000, 0x00000006cdd80000, 0x000000076b900000)
  object space 183808K, 9% used [0x00000006c2a00000,0x00000006c3a961a8,0x00000006cdd80000)
 Metaspace       used 55528K, capacity 58960K, committed 59048K, reserved 1099776K
  class space    used 7104K, capacity 7774K, committed 7848K, reserved 1048576K
Event: 7.746 GC heap after
Heap after GC invocations=13 (full 2):
 PSYoungGen      total 120320K, used 12280K [0x000000076b900000, 0x0000000775a80000, 0x00000007c0000000)
  eden space 108032K, 0% used [0x000000076b900000,0x000000076b900000,0x0000000772280000)
  from space 12288K, 99% used [0x0000000772280000,0x0000000772e7e050,0x0000000772e80000)
  to   space 15872K, 0% used [0x0000000774b00000,0x0000000774b00000,0x0000000775a80000)
 ParOldGen       total 183808K, used 23760K [0x00000006c2a00000, 0x00000006cdd80000, 0x000000076b900000)
  object space 183808K, 12% used [0x00000006c2a00000,0x00000006c4134030,0x00000006cdd80000)
 Metaspace       used 55528K, capacity 58960K, committed 59048K, reserved 1099776K
  class space    used 7104K, capacity 7774K, committed 7848K, reserved 1048576K
}
Event: 7.811 GC heap before
{Heap before GC invocations=14 (full 2):
 PSYoungGen      total 120320K, used 22689K [0x000000076b900000, 0x0000000775a80000, 0x00000007c0000000)
  eden space 108032K, 9% used [0x000000076b900000,0x000000076c32a728,0x0000000772280000)
  from space 12288K, 99% used [0x0000000772280000,0x0000000772e7e050,0x0000000772e80000)
  to   space 15872K, 0% used [0x0000000774b00000,0x0000000774b00000,0x0000000775a80000)
 ParOldGen       total 183808K, used 23760K [0x00000006c2a00000, 0x00000006cdd80000, 0x000000076b900000)
  object space 183808K, 12% used [0x00000006c2a00000,0x00000006c4134030,0x00000006cdd80000)
 Metaspace       used 55625K, capacity 59076K, committed 59160K, reserved 1101824K
  class space    used 7119K, capacity 7810K, committed 7848K, reserved 1048576K
Event: 7.822 GC heap after
Heap after GC invocations=14 (full 2):
 PSYoungGen      total 148992K, used 12648K [0x000000076b900000, 0x0000000777080000, 0x00000007c0000000)
  eden space 133120K, 0% used [0x000000076b900000,0x000000076b900000,0x0000000773b00000)
  from space 15872K, 79% used [0x0000000774b00000,0x000000077575a060,0x0000000775a80000)
  to   space 16384K, 0% used [0x0000000773b00000,0x0000000773b00000,0x0000000774b00000)
 ParOldGen       total 183808K, used 23768K [0x00000006c2a00000, 0x00000006cdd80000, 0x000000076b900000)
  object space 183808K, 12% used [0x00000006c2a00000,0x00000006c4136030,0x00000006cdd80000)
 Metaspace       used 55625K, capacity 59076K, committed 59160K, reserved 1101824K
  class space    used 7119K, capacity 7810K, committed 7848K, reserved 1048576K
}
Event: 7.822 GC heap before
{Heap before GC invocations=15 (full 3):
 PSYoungGen      total 148992K, used 12648K [0x000000076b900000, 0x0000000777080000, 0x00000007c0000000)
  eden space 133120K, 0% used [0x000000076b900000,0x000000076b900000,0x0000000773b00000)
  from space 15872K, 79% used [0x0000000774b00000,0x000000077575a060,0x0000000775a80000)
  to   space 16384K, 0% used [0x0000000773b00000,0x0000000773b00000,0x0000000774b00000)
 ParOldGen       total 183808K, used 23768K [0x00000006c2a00000, 0x00000006cdd80000, 0x000000076b900000)
  object space 183808K, 12% used [0x00000006c2a00000,0x00000006c4136030,0x00000006cdd80000)
 Metaspace       used 55625K, capacity 59076K, committed 59160K, reserved 1101824K
  class space    used 7119K, capacity 7810K, committed 7848K, reserved 1048576K
Event: 8.020 GC heap after
Heap after GC invocations=15 (full 3):
 PSYoungGen      total 148992K, used 0K [0x000000076b900000, 0x0000000777080000, 0x00000007c0000000)
  eden space 133120K, 0% used [0x000000076b900000,0x000000076b900000,0x0000000773b00000)
  from space 15872K, 0% used [0x0000000774b00000,0x0000000774b00000,0x0000000775a80000)
  to   space 16384K, 0% used [0x0000000773b00000,0x0000000773b00000,0x0000000774b00000)
 ParOldGen       total 237568K, used 26725K [0x00000006c2a00000, 0x00000006d1200000, 0x000000076b900000)
  object space 237568K, 11% used [0x00000006c2a00000,0x00000006c4419550,0x00000006d1200000)
 Metaspace       used 55625K, capacity 59076K, committed 59160K, reserved 1101824K
  class space    used 7119K, capacity 7810K, committed 7848K, reserved 1048576K
}
Event: 9.044 GC heap before
{Heap before GC invocations=16 (full 3):
 PSYoungGen      total 148992K, used 133120K [0x000000076b900000, 0x0000000777080000, 0x00000007c0000000)
  eden space 133120K, 100% used [0x000000076b900000,0x0000000773b00000,0x0000000773b00000)
  from space 15872K, 0% used [0x0000000774b00000,0x0000000774b00000,0x0000000775a80000)
  to   space 16384K, 0% used [0x0000000773b00000,0x0000000773b00000,0x0000000774b00000)
 ParOldGen       total 237568K, used 26725K [0x00000006c2a00000, 0x00000006d1200000, 0x000000076b900000)
  object space 237568K, 11% used [0x00000006c2a00000,0x00000006c4419550,0x00000006d1200000)
 Metaspace       used 58296K, capacity 62494K, committed 62632K, reserved 1103872K
  class space    used 7543K, capacity 8331K, committed 8360K, reserved 1048576K
Event: 9.051 GC heap after
Heap after GC invocations=16 (full 3):
 PSYoungGen      total 149504K, used 6297K [0x000000076b900000, 0x0000000778680000, 0x00000007c0000000)
  eden space 133120K, 0% used [0x000000076b900000,0x000000076b900000,0x0000000773b00000)
  from space 16384K, 38% used [0x0000000773b00000,0x00000007741266f8,0x0000000774b00000)
  to   space 16384K, 0% used [0x0000000777680000,0x0000000777680000,0x0000000778680000)
 ParOldGen       total 237568K, used 26733K [0x00000006c2a00000, 0x00000006d1200000, 0x000000076b900000)
  object space 237568K, 11% used [0x00000006c2a00000,0x00000006c441b550,0x00000006d1200000)
 Metaspace       used 58296K, capacity 62494K, committed 62632K, reserved 1103872K
  class space    used 7543K, capacity 8331K, committed 8360K, reserved 1048576K
}
Event: 9.942 GC heap before
{Heap before GC invocations=17 (full 3):
 PSYoungGen      total 149504K, used 139417K [0x000000076b900000, 0x0000000778680000, 0x00000007c0000000)
  eden space 133120K, 100% used [0x000000076b900000,0x0000000773b00000,0x0000000773b00000)
  from space 16384K, 38% used [0x0000000773b00000,0x00000007741266f8,0x0000000774b00000)
  to   space 16384K, 0% used [0x0000000777680000,0x0000000777680000,0x0000000778680000)
 ParOldGen       total 237568K, used 26733K [0x00000006c2a00000, 0x00000006d1200000, 0x000000076b900000)
  object space 237568K, 11% used [0x00000006c2a00000,0x00000006c441b550,0x00000006d1200000)
 Metaspace       used 60443K, capacity 64970K, committed 65064K, reserved 1105920K
  class space    used 7842K, capacity 8661K, committed 8744K, reserved 1048576K
Event: 9.965 GC heap after
Heap after GC invocations=17 (full 3):
 PSYoungGen      total 190976K, used 10665K [0x000000076b900000, 0x0000000778480000, 0x00000007c0000000)
  eden space 176640K, 0% used [0x000000076b900000,0x000000076b900000,0x0000000776580000)
  from space 14336K, 74% used [0x0000000777680000,0x00000007780ea508,0x0000000778480000)
  to   space 15872K, 0% used [0x0000000776580000,0x0000000776580000,0x0000000777500000)
 ParOldGen       total 237568K, used 26741K [0x00000006c2a00000, 0x00000006d1200000, 0x000000076b900000)
  object space 237568K, 11% used [0x00000006c2a00000,0x00000006c441d550,0x00000006d1200000)
 Metaspace       used 60443K, capacity 64970K, committed 65064K, reserved 1105920K
  class space    used 7842K, capacity 8661K, committed 8744K, reserved 1048576K
}

