# JRE version: OpenJDK Runtime Environment (8.0_312-b07) (build 1.8.0_312-b07)
# Java VM: OpenJDK 64-Bit Server VM (25.312-b07 mixed mode windows-amd64 compressed oops)
Heap:
 PSYoungGen      total 236032K, used 195019K [0x000000076b900000, 0x000000077ba80000, 0x00000007c0000000)
  eden space 227840K, 82% used [0x000000076b900000,0x0000000776f87780,0x0000000779780000)
  from space 8192K, 98% used [0x000000077b280000,0x000000077ba6b4e0,0x000000077ba80000)
  to   space 17408K, 0% used [0x0000000779880000,0x0000000779880000,0x000000077a980000)
 ParOldGen       total 259584K, used 30384K [0x00000006c2a00000, 0x00000006d2780000, 0x000000076b900000)
  object space 259584K, 11% used [0x00000006c2a00000,0x00000006c47ac3c0,0x00000006d2780000)
 Metaspace       used 61835K, capacity 66420K, committed 66728K, reserved 1107968K
  class space    used 7986K, capacity 8844K, committed 8872K, reserved 1048576K
GC Heap History (10 events):
Event: 5.327 GC heap before
{Heap before GC invocations=9 (full 2):
 PSYoungGen      total 152064K, used 142336K [0x000000076b900000, 0x0000000778880000, 0x00000007c0000000)
  eden space 142336K, 100% used [0x000000076b900000,0x0000000774400000,0x0000000774400000)
  from space 9728K, 0% used [0x0000000774f80000,0x0000000774f80000,0x0000000775900000)
  to   space 11776K, 0% used [0x0000000774400000,0x0000000774400000,0x0000000774f80000)
 ParOldGen       total 179712K, used 17017K [0x00000006c2a00000, 0x00000006cd980000, 0x000000076b900000)
  object space 179712K, 9% used [0x00000006c2a00000,0x00000006c3a9e650,0x00000006cd980000)
 Metaspace       used 41489K, capacity 44202K, committed 44328K, reserved 1087488K
  class space    used 5493K, capacity 6071K, committed 6184K, reserved 1048576K
Event: 5.336 GC heap after
Heap after GC invocations=9 (full 2):
 PSYoungGen      total 154112K, used 11082K [0x000000076b900000, 0x0000000778e80000, 0x00000007c0000000)
  eden space 142336K, 0% used [0x000000076b900000,0x000000076b900000,0x0000000774400000)
  from space 11776K, 94% used [0x0000000774400000,0x0000000774ed2938,0x0000000774f80000)
  to   space 12288K, 0% used [0x0000000778280000,0x0000000778280000,0x0000000778e80000)
 ParOldGen       total 179712K, used 17025K [0x00000006c2a00000, 0x00000006cd980000, 0x000000076b900000)
  object space 179712K, 9% used [0x00000006c2a00000,0x00000006c3aa0650,0x00000006cd980000)
 Metaspace       used 41489K, capacity 44202K, committed 44328K, reserved 1087488K
  class space    used 5493K, capacity 6071K, committed 6184K, reserved 1048576K
}
Event: 6.569 GC heap before
{Heap before GC invocations=10 (full 2):
 PSYoungGen      total 154112K, used 153418K [0x000000076b900000, 0x0000000778e80000, 0x00000007c0000000)
  eden space 142336K, 100% used [0x000000076b900000,0x0000000774400000,0x0000000774400000)
  from space 11776K, 94% used [0x0000000774400000,0x0000000774ed2938,0x0000000774f80000)
  to   space 12288K, 0% used [0x0000000778280000,0x0000000778280000,0x0000000778e80000)
 ParOldGen       total 179712K, used 17025K [0x00000006c2a00000, 0x00000006cd980000, 0x000000076b900000)
  object space 179712K, 9% used [0x00000006c2a00000,0x00000006c3aa0650,0x00000006cd980000)
 Metaspace       used 49637K, capacity 52782K, committed 53032K, reserved 1095680K
  class space    used 6532K, capacity 7187K, committed 7208K, reserved 1048576K
Event: 6.581 GC heap after
Heap after GC invocations=10 (full 2):
 PSYoungGen      total 204288K, used 12259K [0x000000076b900000, 0x0000000779280000, 0x00000007c0000000)
  eden space 192000K, 0% used [0x000000076b900000,0x000000076b900000,0x0000000777480000)
  from space 12288K, 99% used [0x0000000778280000,0x0000000778e78ec8,0x0000000778e80000)
  to   space 14336K, 0% used [0x0000000777480000,0x0000000777480000,0x0000000778280000)
 ParOldGen       total 179712K, used 18892K [0x00000006c2a00000, 0x00000006cd980000, 0x000000076b900000)
  object space 179712K, 10% used [0x00000006c2a00000,0x00000006c3c730a0,0x00000006cd980000)
 Metaspace       used 49637K, capacity 52782K, committed 53032K, reserved 1095680K
  class space    used 6532K, capacity 7187K, committed 7208K, reserved 1048576K
}
Event: 7.359 GC heap before
{Heap before GC invocations=11 (full 2):
 PSYoungGen      total 204288K, used 122093K [0x000000076b900000, 0x0000000779280000, 0x00000007c0000000)
  eden space 192000K, 57% used [0x000000076b900000,0x0000000772442780,0x0000000777480000)
  from space 12288K, 99% used [0x0000000778280000,0x0000000778e78ec8,0x0000000778e80000)
  to   space 14336K, 0% used [0x0000000777480000,0x0000000777480000,0x0000000778280000)
 ParOldGen       total 179712K, used 18892K [0x00000006c2a00000, 0x00000006cd980000, 0x000000076b900000)
  object space 179712K, 10% used [0x00000006c2a00000,0x00000006c3c730a0,0x00000006cd980000)
 Metaspace       used 55618K, capacity 59056K, committed 59160K, reserved 1101824K
  class space    used 7114K, capacity 7806K, committed 7848K, reserved 1048576K
Event: 7.371 GC heap after
Heap after GC invocations=11 (full 2):
 PSYoungGen      total 206336K, used 14328K [0x000000076b900000, 0x000000077c400000, 0x00000007c0000000)
  eden space 192000K, 0% used [0x000000076b900000,0x000000076b900000,0x0000000777480000)
  from space 14336K, 99% used [0x0000000777480000,0x000000077827e060,0x0000000778280000)
  to   space 17920K, 0% used [0x000000077b280000,0x000000077b280000,0x000000077c400000)
 ParOldGen       total 179712K, used 23311K [0x00000006c2a00000, 0x00000006cd980000, 0x000000076b900000)
  object space 179712K, 12% used [0x00000006c2a00000,0x00000006c40c3d00,0x00000006cd980000)
 Metaspace       used 55618K, capacity 59056K, committed 59160K, reserved 1101824K
  class space    used 7114K, capacity 7806K, committed 7848K, reserved 1048576K
}
Event: 7.371 GC heap before
{Heap before GC invocations=12 (full 3):
 PSYoungGen      total 206336K, used 14328K [0x000000076b900000, 0x000000077c400000, 0x00000007c0000000)
  eden space 192000K, 0% used [0x000000076b900000,0x000000076b900000,0x0000000777480000)
  from space 14336K, 99% used [0x0000000777480000,0x000000077827e060,0x0000000778280000)
  to   space 17920K, 0% used [0x000000077b280000,0x000000077b280000,0x000000077c400000)
 ParOldGen       total 179712K, used 23311K [0x00000006c2a00000, 0x00000006cd980000, 0x000000076b900000)
  object space 179712K, 12% used [0x00000006c2a00000,0x00000006c40c3d00,0x00000006cd980000)
 Metaspace       used 55618K, capacity 59056K, committed 59160K, reserved 1101824K
  class space    used 7114K, capacity 7806K, committed 7848K, reserved 1048576K
Event: 7.490 GC heap after
Heap after GC invocations=12 (full 3):
 PSYoungGen      total 206336K, used 0K [0x000000076b900000, 0x000000077c400000, 0x00000007c0000000)
  eden space 192000K, 0% used [0x000000076b900000,0x000000076b900000,0x0000000777480000)
  from space 14336K, 0% used [0x0000000777480000,0x0000000777480000,0x0000000778280000)
  to   space 17920K, 0% used [0x000000077b280000,0x000000077b280000,0x000000077c400000)
 ParOldGen       total 259584K, used 30376K [0x00000006c2a00000, 0x00000006d2780000, 0x000000076b900000)
  object space 259584K, 11% used [0x00000006c2a00000,0x00000006c47aa3c0,0x00000006d2780000)
 Metaspace       used 55618K, capacity 59056K, committed 59160K, reserved 1101824K
  class space    used 7114K, capacity 7806K, committed 7848K, reserved 1048576K
}
Event: 8.528 GC heap before
{Heap before GC invocations=13 (full 3):
 PSYoungGen      total 206336K, used 192000K [0x000000076b900000, 0x000000077c400000, 0x00000007c0000000)
  eden space 192000K, 100% used [0x000000076b900000,0x0000000777480000,0x0000000777480000)
  from space 14336K, 0% used [0x0000000777480000,0x0000000777480000,0x0000000778280000)
  to   space 17920K, 0% used [0x000000077b280000,0x000000077b280000,0x000000077c400000)
 ParOldGen       total 259584K, used 30376K [0x00000006c2a00000, 0x00000006d2780000, 0x000000076b900000)
  object space 259584K, 11% used [0x00000006c2a00000,0x00000006c47aa3c0,0x00000006d2780000)
 Metaspace       used 58751K, capacity 62986K, committed 63272K, reserved 1103872K
  class space    used 7607K, capacity 8415K, committed 8488K, reserved 1048576K
Event: 8.535 GC heap after
Heap after GC invocations=13 (full 3):
 PSYoungGen      total 236032K, used 8109K [0x000000076b900000, 0x000000077ba80000, 0x00000007c0000000)
  eden space 227840K, 0% used [0x000000076b900000,0x000000076b900000,0x0000000779780000)
  from space 8192K, 98% used [0x000000077b280000,0x000000077ba6b4e0,0x000000077ba80000)
  to   space 17408K, 0% used [0x0000000779880000,0x0000000779880000,0x000000077a980000)
 ParOldGen       total 259584K, used 30384K [0x00000006c2a00000, 0x00000006d2780000, 0x000000076b900000)
  object space 259584K, 11% used [0x00000006c2a00000,0x00000006c47ac3c0,0x00000006d2780000)
 Metaspace       used 58751K, capacity 62986K, committed 63272K, reserved 1103872K
  class space    used 7607K, capacity 8415K, committed 8488K, reserved 1048576K
}

